"../../../Engine/Content/Functions/Engine_MaterialFunctions01/Density/ExponentialDensity.uasset" 0
"../../../Engine/Content/Functions/Engine_MaterialFunctions01/Gradient/RadialGradientExponential.uasset" 1
"../../../../projects/ue_test1/Content/Materials/M_Cursor_Decal.uasset" 2
"../../../../projects/ue_test1/Content/StarterContent/Materials/M_Basic_Wall.uasset" 3
"../../../../projects/ue_test1/Content/StarterContent/Architecture/Pillar_50x500.uasset" 4
"../../../../projects/ue_test1/Content/StarterContent/Architecture/Wall_400x300.uasset" 5
"../../../../projects/ue_test1/Content/StarterContent/Architecture/Wall_400x400.uasset" 6
"../../../../projects/ue_test1/Content/StarterContent/Architecture/Wall_500x500.uasset" 7
"../../../../projects/ue_test1/Content/StarterContent/Architecture/Wall_Door_400x400.uasset" 8
"../../../../projects/ue_test1/Content/StarterContent/Architecture/Wall_Window_400x400.uasset" 9
"../../../../projects/ue_test1/Content/StarterContent/Audio/Collapse01.uasset" 10
"../../../../projects/ue_test1/Content/StarterContent/Audio/Collapse02.uasset" 11
"../../../../projects/ue_test1/Content/StarterContent/Audio/Explosion01.uasset" 12
"../../../../projects/ue_test1/Content/StarterContent/Audio/Explosion02.uasset" 13
"../../../../projects/ue_test1/Content/StarterContent/Audio/Fire01.uasset" 14
"../../../../projects/ue_test1/Content/StarterContent/Audio/Fire_Sparks01.uasset" 15
"../../../../projects/ue_test1/Content/StarterContent/Audio/Light01.uasset" 16
"../../../../projects/ue_test1/Content/StarterContent/Audio/Light01_Cue.uasset" 17
"../../../../projects/ue_test1/Content/StarterContent/Audio/Light02.uasset" 18
"../../../../projects/ue_test1/Content/StarterContent/Audio/Light02_Cue.uasset" 19
"../../../../projects/ue_test1/Content/StarterContent/Audio/Smoke01.uasset" 20
"../../../../projects/ue_test1/Content/StarterContent/Audio/Starter_Birds01.uasset" 21
"../../../../projects/ue_test1/Content/StarterContent/Audio/Starter_Music01.uasset" 22
"../../../../projects/ue_test1/Content/StarterContent/Audio/Starter_Wind05.uasset" 23
"../../../../projects/ue_test1/Content/StarterContent/Audio/Starter_Wind06.uasset" 24
"../../../../projects/ue_test1/Content/StarterContent/Audio/Steam01.uasset" 25
"../../../../projects/ue_test1/Content/StarterContent/Audio/Explosion_Cue.uasset" 26
"../../../../projects/ue_test1/Content/StarterContent/Textures/T_Burst_M.uasset" 27
"../../../../projects/ue_test1/Content/StarterContent/Particles/Materials/M_Burst.uasset" 28
"../../../../projects/ue_test1/Content/StarterContent/Textures/T_Explosion_SubUV.uasset" 29
"../../../../projects/ue_test1/Content/StarterContent/Particles/Materials/M_explosion_subUV.uasset" 30
"../../../../projects/ue_test1/Content/StarterContent/Particles/Materials/m_flare_01.uasset" 31
"../../../Engine/Content/Functions/Engine_MaterialFunctions01/Gradient/RadialGradient.uasset" 32
"../../../../projects/ue_test1/Content/StarterContent/Particles/Materials/M_radial_ramp.uasset" 33
"../../../../projects/ue_test1/Content/StarterContent/Textures/T_Smoke_SubUV.uasset" 34
"../../../../projects/ue_test1/Content/StarterContent/Textures/T_Smoke_Tiled_D.uasset" 35
"../../../../projects/ue_test1/Content/StarterContent/Particles/Materials/M_smoke_subUV.uasset" 36
"../../../../projects/ue_test1/Content/StarterContent/Particles/P_Explosion.uasset" 37
"../../../../projects/ue_test1/Content/StarterContent/Blueprints/Blueprint_Effect_Explosion.uasset" 38
"../../../Engine/Content/EditorMeshes/ColorCalibrator/T_ColorGrid.uasset" 39
"../../../../projects/ue_test1/Content/StarterContent/Materials/M_ColorGrid_LowSpec.uasset" 40
"../../../../projects/ue_test1/Content/StarterContent/Textures/T_Bush_D.uasset" 41
"../../../../projects/ue_test1/Content/StarterContent/Textures/T_Bush_N.uasset" 42
"../../../../projects/ue_test1/Content/StarterContent/Props/Materials/M_Bush.uasset" 43
"../../../../projects/ue_test1/Content/StarterContent/Props/SM_Bush.uasset" 44
"../../../../projects/ue_test1/Content/StarterContent/Textures/T_Chair_M.uasset" 45
"../../../../projects/ue_test1/Content/StarterContent/Textures/T_Chair_N.uasset" 46
"../../../../projects/ue_test1/Content/StarterContent/Props/Materials/M_Chair.uasset" 47
"../../../../projects/ue_test1/Content/StarterContent/Props/SM_Couch.uasset" 48
"../../../../projects/ue_test1/Content/StarterContent/Materials/M_Glass.uasset" 49
"../../../../projects/ue_test1/Content/StarterContent/Textures/T_Door_M.uasset" 50
"../../../../projects/ue_test1/Content/StarterContent/Textures/T_Door_N.uasset" 51
"../../../../projects/ue_test1/Content/StarterContent/Props/Materials/M_Door.uasset" 52
"../../../../projects/ue_test1/Content/StarterContent/Props/SM_Door.uasset" 53
"../../../../projects/ue_test1/Content/StarterContent/Props/Materials/M_MaterialSphere.uasset" 54
"../../../../projects/ue_test1/Content/StarterContent/Props/Materials/M_MaterialSphere_Plain.uasset" 55
"../../../../projects/ue_test1/Content/StarterContent/Props/SM_MatPreviewMesh_02.uasset" 56
"../../../Engine/Content/Functions/Engine_MaterialFunctions02/Utility/BlendAngleCorrectedNormals.uasset" 57
"../../../../projects/ue_test1/Content/StarterContent/Textures/T_Detail_Rocky_N.uasset" 58
"../../../../projects/ue_test1/Content/StarterContent/Textures/T_Rock_Basalt_D.uasset" 59
"../../../../projects/ue_test1/Content/StarterContent/Textures/T_RockMesh_M.uasset" 60
"../../../../projects/ue_test1/Content/StarterContent/Textures/T_RockMesh_N.uasset" 61
"../../../../projects/ue_test1/Content/StarterContent/Props/Materials/M_Rock.uasset" 62
"../../../../projects/ue_test1/Content/StarterContent/Props/SM_Rock.uasset" 63
"../../../../projects/ue_test1/Content/StarterContent/Textures/T_Shelf_M.uasset" 64
"../../../../projects/ue_test1/Content/StarterContent/Textures/T_Shelf_N.uasset" 65
"../../../../projects/ue_test1/Content/StarterContent/Props/Materials/M_Shelf.uasset" 66
"../../../../projects/ue_test1/Content/StarterContent/Props/SM_Shelf.uasset" 67
"../../../../projects/ue_test1/Content/StarterContent/Materials/M_Basic_Floor.uasset" 68
"../../../../projects/ue_test1/Content/StarterContent/Props/SM_Stairs.uasset" 69
"../../../../projects/ue_test1/Content/StarterContent/Shapes/Shape_Cone.uasset" 70
"../../../../projects/ue_test1/Content/StarterContent/Shapes/Shape_Cylinder.uasset" 71
"../../../../projects/ue_test1/Content/StarterContent/Shapes/Shape_NarrowCapsule.uasset" 72
"../../../../projects/ue_test1/Content/StarterContent/Shapes/Shape_Pipe.uasset" 73
"../../../../projects/ue_test1/Content/StarterContent/Shapes/Shape_Pipe_180.uasset" 74
"../../../../projects/ue_test1/Content/StarterContent/Shapes/Shape_Pipe_90.uasset" 75
"../../../../projects/ue_test1/Content/StarterContent/Shapes/Shape_Plane.uasset" 76
"../../../../projects/ue_test1/Content/StarterContent/Shapes/Shape_Torus.uasset" 77
"../../../../projects/ue_test1/Content/StarterContent/Shapes/Shape_Trim.uasset" 78
"../../../../projects/ue_test1/Content/StarterContent/Shapes/Shape_Trim_90_In.uasset" 79
"../../../../projects/ue_test1/Content/StarterContent/Shapes/Shape_Trim_90_Out.uasset" 80
"../../../../projects/ue_test1/Content/StarterContent/Shapes/Shape_TriPyramid.uasset" 81
"../../../../projects/ue_test1/Content/StarterContent/Shapes/Shape_Tube.uasset" 82
"../../../../projects/ue_test1/Content/StarterContent/Shapes/Shape_Wedge_A.uasset" 83
"../../../../projects/ue_test1/Content/StarterContent/Shapes/Shape_Wedge_B.uasset" 84
"../../../../projects/ue_test1/Content/StarterContent/Shapes/Shape_WideCapsule.uasset" 85
"../../../Engine/Content/Functions/Engine_MaterialFunctions01/Opacity/CameraDepthFade.uasset" 86
"../../../Engine/Content/EngineMaterials/T_Default_Material_Grid_M.uasset" 87
"../../../Engine/Content/EngineMaterials/T_Default_Material_Grid_N.uasset" 88
"../../../Engine/Content/EngineMaterials/WorldGridMaterial.uasset" 89
"../../../Engine/Content/ArtTools/RenderToTexture/Meshes/S_1_Unit_Plane.uasset" 90
"../../../Engine/Content/EngineMaterials/DefaultMaterial.uasset" 91
"../../../Engine/Content/BasicShapes/Cone.uasset" 92
"../../../Engine/Content/BasicShapes/Cube.uasset" 93
"../../../Engine/Content/BasicShapes/Cylinder.uasset" 94
"../../../Engine/Content/BasicShapes/Plane.uasset" 95
"../../../Engine/Content/EditorLandscapeResources/DataLayer.uasset" 96
"../../../Engine/Content/EditorMaterials/GizmoMaterial.uasset" 97
"../../../Engine/Content/EditorMaterials/MAT_Groups_Toggle.uasset" 98
"../../../Engine/Content/EditorMaterials/MAT_Groups_Visibility.uasset" 99
"../../../Engine/Content/EditorMaterials/PreviewShadowIndicator.uasset" 100
"../../../Engine/Content/EditorMaterials/PreviewShadowIndicatorMaterial.uasset" 101
"../../../Engine/Content/EditorMaterials/MatineeGroups/MAT_ColorTrack.uasset" 102
"../../../Engine/Content/EditorMaterials/MatineeGroups/MAT_Groups_Anim.uasset" 103
"../../../Engine/Content/EditorMaterials/MatineeGroups/MAT_Groups_AudioMaster.uasset" 104
"../../../Engine/Content/EditorMaterials/MatineeGroups/MAT_Groups_Director.uasset" 105
"../../../Engine/Content/EditorMaterials/MatineeGroups/MAT_Groups_Event.uasset" 106
"../../../Engine/Content/EditorMaterials/MatineeGroups/MAT_Groups_Fade.uasset" 107
"../../../Engine/Content/EditorMaterials/MatineeGroups/MAT_Groups_Float.uasset" 108
"../../../Engine/Content/EditorMaterials/MatineeGroups/MAT_Groups_Move.uasset" 109
"../../../Engine/Content/EditorMaterials/MatineeGroups/MAT_Groups_Slomo.uasset" 110
"../../../Engine/Content/EditorMaterials/MatineeGroups/MAT_Groups_Sound.uasset" 111
"../../../Engine/Content/EditorMaterials/MatineeGroups/MAT_Groups_Vector.uasset" 112
"../../../Engine/Content/EditorMaterials/ParticleSystems/PSysThumbnail_NoImage.uasset" 113
"../../../Engine/Content/EditorMaterials/ParticleSystems/PSysThumbnail_OOD.uasset" 114
"../../../Engine/Content/EditorMaterials/Camera/CineMat.uasset" 115
"../../../Engine/Content/EditorMaterials/Camera/MI_CineMat_Rig.uasset" 116
"../../../Engine/Content/EditorMeshes/Camera/SM_CraneRig_Arm.uasset" 117
"../../../Engine/Content/EditorMeshes/Camera/SM_CraneRig_Base.uasset" 118
"../../../Engine/Content/EditorMeshes/Camera/SM_CraneRig_Body.uasset" 119
"../../../Engine/Content/EditorMeshes/Camera/SM_CraneRig_Mount.uasset" 120
"../../../Engine/Content/EditorMeshes/Camera/SM_RailRig_Mount.uasset" 121
"../../../Engine/Content/EditorMeshes/Camera/SM_RailRig_Track.uasset" 122
"../../../Engine/Content/EditorResources/BSPVertex.uasset" 123
"../../../Engine/Content/EditorResources/EmptyActor.uasset" 124
"../../../Engine/Content/EditorResources/S_Actor.uasset" 125
"../../../Engine/Content/EditorResources/S_Trigger.uasset" 126
"../../../Engine/Content/EditorResources/AudioIcons/S_AudioComponent.uasset" 127
"../../../Engine/Content/EditorResources/AudioIcons/S_AudioComponent_AutoActivate.uasset" 128
"../../../Engine/Content/EditorResources/LightIcons/S_LightError.uasset" 129
"../../../Engine/Content/EditorResources/SequenceRecorder/Countdown.uasset" 130
"../../../Engine/Content/EditorResources/SequenceRecorder/RecordingIndicator.uasset" 131
"../../../Engine/Content/EditorSounds/Notifications/CompileFailed.uasset" 132
"../../../Engine/Content/EditorSounds/Notifications/CompileFailed_Cue.uasset" 133
"../../../Engine/Content/EditorSounds/Notifications/CompileSuccess.uasset" 134
"../../../Engine/Content/EditorSounds/Notifications/CompileStart_Cue.uasset" 135
"../../../Engine/Content/EditorSounds/Notifications/CompileSuccess_Cue.uasset" 136
"../../../Engine/Content/EngineDamageTypes/DmgTypeBP_Environmental.uasset" 137
"../../../Engine/Content/EngineDebugMaterials/HeatmapGradient.uasset" 138
"../../../Engine/Content/EngineDebugMaterials/BoneWeightMaterial.uasset" 139
"../../../Engine/Content/EngineDebugMaterials/ClothMaterial.uasset" 140
"../../../Engine/Content/EngineDebugMaterials/ClothMaterial_WF.uasset" 141
"../../../Engine/Content/EngineDebugMaterials/DebugEditorMaterial.uasset" 142
"../../../Engine/Content/EngineDebugMaterials/DebugMeshMaterial.uasset" 143
"../../../Engine/Content/EngineDebugMaterials/GeomMaterial.uasset" 144
"../../../Engine/Content/EngineDebugMaterials/M_SimpleTranslucent.uasset" 145
"../../../Engine/Content/EngineFonts/Faces/RobotoBold.uasset" 146
"../../../Engine/Content/EngineFonts/Faces/RobotoBoldItalic.uasset" 147
"../../../Engine/Content/EngineFonts/Faces/RobotoItalic.uasset" 148
"../../../Engine/Content/EngineFonts/Faces/RobotoLight.uasset" 149
"../../../Engine/Content/EngineFonts/Faces/RobotoRegular.uasset" 150
"../../../Engine/Content/EngineFonts/Roboto.uasset" 151
"../../../Engine/Content/EngineFonts/Faces/RobotoTiny.uasset" 152
"../../../Engine/Content/EngineFonts/RobotoTiny.uasset" 153
"../../../Engine/Content/EngineMaterials/BaseFlattenDiffuseMap.uasset" 154
"../../../Engine/Content/EngineMaterials/BaseFlattenEmissiveMap.uasset" 155
"../../../Engine/Content/EngineMaterials/BaseFlattenGrayscaleMap.uasset" 156
"../../../Engine/Content/EngineMaterials/BaseFlattenNormalMap.uasset" 157
"../../../Engine/Content/EngineMaterials/BaseFlattenMaterial.uasset" 158
"../../../Engine/Content/EngineMaterials/DefaultBloomKernel.uasset" 159
"../../../Engine/Content/EngineMaterials/DefaultBokeh.uasset" 160
"../../../Engine/Content/EngineMaterials/DefaultDiffuse.uasset" 161
"../../../Engine/Content/EngineMaterials/DefaultDeferredDecalMaterial.uasset" 162
"../../../Engine/Content/EngineMaterials/DefaultLightFunctionMaterial.uasset" 163
"../../../Engine/Content/EngineMaterials/DefaultPhysicalMaterial.uasset" 164
"../../../Engine/Content/Functions/Engine_MaterialFunctions02/Utility/BreakOutFloat2Components.uasset" 165
"../../../Engine/Content/EngineMaterials/DefaultPostProcessMaterial.uasset" 166
"../../../Engine/Content/EngineFonts/RobotoDistanceField.uasset" 167
"../../../Engine/Content/EngineMaterials/DefaultTextMaterialOpaque.uasset" 168
"../../../Engine/Content/EngineMaterials/DefaultWhiteGrid.uasset" 169
"../../../Engine/Content/EngineMaterials/EditorBrushMaterial.uasset" 170
"../../../Engine/Content/EngineMaterials/Good64x64TilingNoiseHighFreq.uasset" 171
"../../../Engine/Content/EngineMaterials/MiniFont.uasset" 172
"../../../Engine/Content/EngineMaterials/InvalidLightmapSettings.uasset" 173
"../../../Engine/Content/EngineMaterials/M_InvalidLightmapSettings.uasset" 174
"../../../Engine/Content/Functions/Engine_MaterialFunctions02/WorldPositionOffset/CameraOffset.uasset" 175
"../../../Engine/Content/EngineMaterials/PhAT_JointLimitMaterial.uasset" 176
"../../../Engine/Content/EngineMaterials/PreintegratedSkinBRDF.uasset" 177
"../../../Engine/Content/EngineMaterials/RemoveSurfaceMaterial.uasset" 178
"../../../Engine/Content/EngineMaterials/WeightMapPlaceholderTexture.uasset" 179
"../../../Engine/Content/EngineResources/WhiteSquareTexture.uasset" 180
"../../../Engine/Content/EngineMaterials/Widget3DPassThrough.uasset" 181
"../../../Engine/Content/EngineMaterials/Widget3DPassThrough_Masked.uasset" 182
"../../../Engine/Content/EngineMaterials/Widget3DPassThrough_Opaque.uasset" 183
"../../../Engine/Content/EngineMaterials/Widget3DPassThrough_Masked_OneSided.uasset" 184
"../../../Engine/Content/EngineMaterials/Widget3DPassThrough_Opaque_OneSided.uasset" 185
"../../../Engine/Content/EngineMaterials/Widget3DPassThrough_Translucent.uasset" 186
"../../../Engine/Content/EngineMaterials/Widget3DPassThrough_Translucent_OneSided.uasset" 187
"../../../Engine/Content/EngineMeshes/Cylinder.uasset" 188
"../../../Engine/Content/EngineMeshes/Sphere.uasset" 189
"../../../Engine/Content/EngineResources/Black.uasset" 190
"../../../Engine/Content/EngineResources/DefaultTexture.uasset" 191
"../../../Engine/Content/EngineResources/DefaultTextureCube.uasset" 192
"../../../Engine/Content/EngineResources/DefaultVolumeTexture2D.uasset" 193
"../../../Engine/Content/EngineResources/DefaultVolumeTexture.uasset" 194
"../../../Engine/Content/EngineResources/GradientTexture0.uasset" 195
"../../../Engine/Content/EngineSounds/Master.uasset" 196
"../../../Engine/Content/Functions/Engine_MaterialFunctions01/Shading/ConvertFromDiffSpec.uasset" 197
"../../../Engine/Content/Functions/Engine_MaterialFunctions01/Shading/PowerToRoughness.uasset" 198
"../../../Engine/Content/Maps/Templates/Thumbnails/Default.uasset" 199
"../../../Engine/Content/Maps/Templates/Thumbnails/VR-Basic.uasset" 200
"../../../Engine/Content/MobileResources/T_MobileControls_texture.uasset" 201
"../../../Engine/Content/MobileResources/T_MobileMenu2.uasset" 202
"../../../Engine/Content/MobileResources/HUD/AnalogHat.uasset" 203
"../../../Engine/Content/MobileResources/HUD/VirtualJoystick_Background.uasset" 204
"../../../Engine/Content/MobileResources/HUD/VirtualJoystick_Thumb.uasset" 205
"../../../Engine/Content/MobileResources/HUD/DefaultVirtualJoysticks.uasset" 206
"../../../Engine/Content/MobileResources/HUD/LeftVirtualJoystickOnly.uasset" 207
"../../../Engine/Content/MobileResources/HUD/MobileHUDButton1_off.uasset" 208
"../../../Engine/Content/MobileResources/HUD/MobileHUDButton1_on.uasset" 209
"../../../Engine/Content/MobileResources/HUD/MobileHUDButton2_off.uasset" 210
"../../../Engine/Content/MobileResources/HUD/MobileHUDButton2_on.uasset" 211
"../../../Engine/Content/MobileResources/HUD/MobileHUDButton3.uasset" 212
"../../../Engine/Content/MobileResources/HUD/MobileHUDButtonFire.uasset" 213
"../../../Engine/Content/MobileResources/HUD/MobileHUDDirectionPad.uasset" 214
"../../../Engine/Content/MobileResources/HUD/MobileHUDDirectionPad2.uasset" 215
"../../../Engine/Content/MobileResources/HUD/MobileHUDDirectionPad3.uasset" 216
"../../../Engine/Content/MobileResources/HUD/MobileHUDDirectionStick.uasset" 217
"../../../Engine/Content/MobileResources/HUD/T_Castle_ThumbstickInner.uasset" 218
"../../../Engine/Content/MobileResources/HUD/T_Castle_ThumbstickOutter.uasset" 219
"../../../Engine/Content/Tutorial/ContentIntroCurve.uasset" 220
"../../../Engine/Content/VREditor/LaserPointer/VR_LaserPower_01.uasset" 221
"../../../Engine/Content/VREditor/TransformGizmo/TransformGizmoMaterial.uasset" 222
"../../../Engine/Content/VREditor/TransformGizmo/TranslucentTransformGizmoMaterial.uasset" 223
"../../../Engine/Content/VREditor/TransformGizmo/BoundingBoxCorner.uasset" 224
"../../../Engine/Content/VREditor/TransformGizmo/BoundingBoxEdge.uasset" 225
"../../../Engine/Content/VREditor/TransformGizmo/PlaneTranslationHandle.uasset" 226
"../../../Engine/Content/VREditor/TransformGizmo/Main.uasset" 227
"../../../Engine/Content/VREditor/TransformGizmo/Xray.uasset" 228
"../../../Engine/Content/VREditor/TransformGizmo/SM_Sequencer_Key.uasset" 229
"../../../Engine/Content/VREditor/TransformGizmo/SM_Sequencer_Node.uasset" 230
"../../Plugins/2D/Paper2D/Content/PlaceholderTextures/DummySpriteTexture.uasset" 231
"../../Plugins/2D/Paper2D/Content/DummySprite.uasset" 232
"../../Plugins/2D/Paper2D/Content/DefaultPaperTerrainMaterial.uasset" 233
"../../Plugins/2D/Paper2D/Content/DefaultSpriteMaterial.uasset" 234
"../../Plugins/2D/Paper2D/Content/MaskedUnlitSpriteMaterial.uasset" 235
"../../Plugins/2D/Paper2D/Content/OpaqueUnlitSpriteMaterial.uasset" 236
"../../Plugins/Runtime/Oculus/OculusVR/Content/Materials/PokeAHoleMaterial.uasset" 237
"../../Plugins/Runtime/Oculus/OculusVR/Content/Textures/GearVRController_AO.uasset" 238
"../../Plugins/Runtime/Oculus/OculusVR/Content/Textures/GearVRController_Color.uasset" 239
"../../Plugins/Runtime/Oculus/OculusVR/Content/Textures/GearVRController_Normal.uasset" 240
"../../Plugins/Runtime/Oculus/OculusVR/Content/Materials/GearVRControllerMaterial.uasset" 241
"../../Plugins/Runtime/Oculus/OculusVR/Content/Meshes/GearVrController.uasset" 242
"../../Plugins/Runtime/Oculus/OculusVR/Content/Textures/touchController_albedo.uasset" 243
"../../Plugins/Runtime/Oculus/OculusVR/Content/Textures/touchController_controlmap.uasset" 244
"../../Plugins/Runtime/Oculus/OculusVR/Content/Materials/touchController_mat.uasset" 245
"../../Plugins/Runtime/Oculus/OculusVR/Content/Meshes/LeftTouchController.uasset" 246
"../../Plugins/Runtime/Oculus/OculusVR/Content/Meshes/RiftHMD.uasset" 247
"../../Plugins/Runtime/Oculus/OculusVR/Content/Meshes/RightTouchController.uasset" 248
"../../../Engine/Content/EditorBlueprintResources/StandardMacros.uasset" 249
"../../../Engine/Content/EngineSky/C_Sky_Cloud_Color.uasset" 250
"../../../Engine/Content/EngineSky/C_Sky_Horizon_Color.uasset" 251
"../../../Engine/Content/EngineSky/C_Sky_Zenith_Color.uasset" 252
"../../../Engine/Content/EngineSky/T_Sky_Blue.uasset" 253
"../../../Engine/Content/EngineSky/T_Sky_Clouds_M.uasset" 254
"../../../Engine/Content/EngineSky/T_Sky_Stars.uasset" 255
"../../../Engine/Content/EngineSky/M_Sky_Panning_Clouds2.uasset" 256
"../../../Engine/Content/EngineSky/SM_SkySphere.uasset" 257
"../../../Engine/Content/EngineSky/BP_Sky_Sphere.uasset" 258
"../../../../projects/ue_test1/Content/Materials/M_Projectile1.uasset" 259
"../../../Engine/Content/BasicShapes/Sphere.uasset" 260
"../../../../projects/ue_test1/Content/Blueprints/Projectile1.uasset" 261
"../../../../projects/ue_test1/Content/StarterContent/Textures/T_MacroVariation.uasset" 262
"../../../../projects/ue_test1/Content/StarterContent/Textures/T_Metal_Aluminum_D.uasset" 263
"../../../../projects/ue_test1/Content/StarterContent/Textures/T_Metal_Gold_N.uasset" 264
"../../../../projects/ue_test1/Content/StarterContent/Materials/M_Metal_Burnished_Steel.uasset" 265
"../../../../projects/ue_test1/Content/StarterContent/Textures/T_Metal_Steel_D.uasset" 266
"../../../../projects/ue_test1/Content/StarterContent/Textures/T_Metal_Steel_N.uasset" 267
"../../../../projects/ue_test1/Content/StarterContent/Materials/M_Metal_Steel.uasset" 268
"../../../../projects/ue_test1/Content/Materials/M_TurretLamp.uasset" 269
"../../../../projects/ue_test1/Content/Materials/M_TurretLamp1.uasset" 270
"../../../../projects/ue_test1/Content/Blueprints/Turret1.uasset" 271
"../../../../projects/ue_test1/Content/Materials/M_Projectile2.uasset" 272
"../../../../projects/ue_test1/Content/Blueprints/Projectile2.uasset" 273
"../../../../projects/ue_test1/Content/Materials/M_TurretLamp2.uasset" 274
"../../../../projects/ue_test1/Content/Blueprints/Turret2.uasset" 275
"../../../../projects/ue_test1/Content/Materials/M_Projectile3.uasset" 276
"../../../../projects/ue_test1/Content/Blueprints/Projectile3.uasset" 277
"../../../../projects/ue_test1/Content/Materials/M_Turret_Lamp3.uasset" 278
"../../../../projects/ue_test1/Content/Blueprints/Turret3.uasset" 279
"../../../../projects/ue_test1/Content/Blueprints/BuildSpotBP.uasset" 280
"../../../../projects/ue_test1/Content/Blueprints/FugitiveFlyingSpot.uasset" 281
"../../../../projects/ue_test1/Content/Blueprints/EnemyAI.uasset" 282
"../../../../projects/ue_test1/Content/Blueprints/MediumEnemy.uasset" 283
"../../../../projects/ue_test1/Content/GUI/MyGUIBP.uasset" 284
"../../../../projects/ue_test1/Content/Blueprints/MyPlayerControllerBP.uasset" 285
"../../../../projects/ue_test1/Content/Blueprints/SpectatorBlueprint.uasset" 286
"../../../../projects/ue_test1/Content/Blueprints/StrongEnemy.uasset" 287
"../../../../projects/ue_test1/Content/Blueprints/WeakEnemy.uasset" 288
"../../../../projects/ue_test1/Content/Config/DiffLevel1.uasset" 289
"../../../../projects/ue_test1/Content/Config/DiffLevel2.uasset" 290
"../../../../projects/ue_test1/Content/Config/DiffLevel3.uasset" 291
"../../../../projects/ue_test1/Content/Config/DiffLevel4.uasset" 292
"../../../../projects/ue_test1/Content/Blueprints/GameModeBP.uasset" 293
"../../../../projects/ue_test1/Content/Maps/Map1_BuiltData.uasset" 294
"../../../../projects/ue_test1/Content/StarterContent/Textures/T_Brick_Clay_New_D.uasset" 295
"../../../../projects/ue_test1/Content/StarterContent/Textures/T_Brick_Clay_New_M.uasset" 296
"../../../../projects/ue_test1/Content/StarterContent/Textures/T_Brick_Clay_New_N.uasset" 297
"../../../../projects/ue_test1/Content/StarterContent/Materials/M_Brick_Clay_New.uasset" 298
"../../../../projects/ue_test1/Content/StarterContent/Textures/T_Metal_Rust_D.uasset" 299
"../../../../projects/ue_test1/Content/StarterContent/Textures/T_Metal_Rust_N.uasset" 300
"../../../../projects/ue_test1/Content/StarterContent/Materials/M_Metal_Rust.uasset" 301
"../../../../projects/ue_test1/Content/StarterContent/Textures/T_Wood_Walnut_D.uasset" 302
"../../../../projects/ue_test1/Content/StarterContent/Textures/T_Wood_Walnut_N.uasset" 303
"../../../../projects/ue_test1/Content/StarterContent/Materials/M_Wood_Walnut.uasset" 304
"../../../../projects/ue_test1/Content/StarterContent/Architecture/Floor_400x400.uasset" 305
"../../../../projects/ue_test1/Content/StarterContent/Audio/Starter_Background_Cue.uasset" 306
"../../../../projects/ue_test1/Content/Maps/Map1.umap" 307
"../../../../projects/ue_test1/Content/StarterContent/Blueprints/Assets/FogBrightnessLUT.uasset" 308
"../../../../projects/ue_test1/Content/StarterContent/Blueprints/Assets/SunlightColorLUT.uasset" 309
"../../../../projects/ue_test1/Content/StarterContent/Blueprints/Assets/M_LightStage_Arrows.uasset" 310
"../../../Engine/Content/MapTemplates/Sky/DaylightAmbientCubemap.uasset" 311
"../../../../projects/ue_test1/Content/StarterContent/Blueprints/Assets/M_LightStage_Skybox_Master.uasset" 312
"../../../../projects/ue_test1/Content/StarterContent/Blueprints/Assets/M_LightStage_Skybox_Black.uasset" 313
"../../../../projects/ue_test1/Content/StarterContent/Blueprints/Assets/M_LightStage_Skybox_HDRI.uasset" 314
"../../../Engine/Content/EditorMaterials/Thumbnails/SkySphereMaterial.uasset" 315
"../../../../projects/ue_test1/Content/StarterContent/Blueprints/Assets/Skybox.uasset" 316
"../../../../projects/ue_test1/Content/StarterContent/Blueprints/Assets/SM_Arrows.uasset" 317
"../../../../projects/ue_test1/Content/StarterContent/HDRI/HDRI_Epic_Courtyard_Daylight.uasset" 318
"../../../../projects/ue_test1/Content/StarterContent/Blueprints/BP_LightStudio.uasset" 319
"../../../../projects/ue_test1/Content/StarterContent/Maps/Advanced_Lighting_BuiltData.uasset" 320
"../../../../projects/ue_test1/Content/StarterContent/Materials/M_AssetPlatform.uasset" 321
"../../../Engine/Content/EditorMeshes/ColorCalibrator/M_ChromeBall.uasset" 322
"../../../Engine/Content/EditorMeshes/ColorCalibrator/M_ClearCoat.uasset" 323
"../../../Engine/Content/EditorMeshes/ColorCalibrator/M_ClearCoatBlack.uasset" 324
"../../../Engine/Content/EditorMeshes/ColorCalibrator/Color_checker.uasset" 325
"../../../Engine/Content/EditorMeshes/ColorCalibrator/M_ColorGrid.uasset" 326
"../../../Engine/Content/EditorMeshes/ColorCalibrator/M_GreyBall.uasset" 327
"../../../Engine/Content/EditorMeshes/ColorCalibrator/SM_ColorCalibrator.uasset" 328
"../../../../projects/ue_test1/Content/StarterContent/Architecture/SM_AssetPlatform.uasset" 329
"../../../../projects/ue_test1/Content/StarterContent/Maps/Advanced_Lighting.umap" 330
"../../../../projects/ue_test1/Content/StarterContent/Audio/Fire01_Cue.uasset" 331
"../../../../projects/ue_test1/Content/StarterContent/Textures/T_Fire_SubUV.uasset" 332
"../../../../projects/ue_test1/Content/StarterContent/Textures/T_Fire_Tiled_D.uasset" 333
"../../../../projects/ue_test1/Content/StarterContent/Particles/Materials/M_Fire_SubUV.uasset" 334
"../../../../projects/ue_test1/Content/StarterContent/Textures/T_Water_N.uasset" 335
"../../../../projects/ue_test1/Content/StarterContent/Particles/Materials/M_Heat_Distortion.uasset" 336
"../../../../projects/ue_test1/Content/StarterContent/Particles/Materials/M_Radial_Gradient.uasset" 337
"../../../../projects/ue_test1/Content/StarterContent/Particles/P_Fire.uasset" 338
"../../../../projects/ue_test1/Content/StarterContent/Blueprints/Blueprint_Effect_Fire.uasset" 339
"../../../../projects/ue_test1/Content/StarterContent/Audio/Smoke01_Cue.uasset" 340
"../../../../projects/ue_test1/Content/StarterContent/Particles/P_Smoke.uasset" 341
"../../../../projects/ue_test1/Content/StarterContent/Blueprints/Blueprint_Effect_Smoke.uasset" 342
"../../../../projects/ue_test1/Content/StarterContent/Audio/Fire_Sparks01_Cue.uasset" 343
"../../../../projects/ue_test1/Content/StarterContent/Textures/T_Spark_Core.uasset" 344
"../../../../projects/ue_test1/Content/StarterContent/Particles/Materials/M_Spark.uasset" 345
"../../../../projects/ue_test1/Content/StarterContent/Particles/P_Sparks.uasset" 346
"../../../../projects/ue_test1/Content/StarterContent/Blueprints/Blueprint_Effect_Sparks.uasset" 347
"../../../../projects/ue_test1/Content/StarterContent/Audio/Steam01_Cue.uasset" 348
"../../../../projects/ue_test1/Content/StarterContent/Particles/P_Steam_Lit.uasset" 349
"../../../../projects/ue_test1/Content/StarterContent/Blueprints/Blueprint_Effect_Steam.uasset" 350
"../../../../projects/ue_test1/Content/StarterContent/Textures/T_Lamp_M.uasset" 351
"../../../../projects/ue_test1/Content/StarterContent/Textures/T_Lamp_N.uasset" 352
"../../../../projects/ue_test1/Content/StarterContent/Props/Materials/M_Lamp.uasset" 353
"../../../../projects/ue_test1/Content/StarterContent/Props/SM_Lamp_Ceiling.uasset" 354
"../../../../projects/ue_test1/Content/StarterContent/Blueprints/Blueprint_CeilingLight.uasset" 355
"../../../../projects/ue_test1/Content/StarterContent/Props/SM_Lamp_Wall.uasset" 356
"../../../../projects/ue_test1/Content/StarterContent/Blueprints/Blueprint_WallSconce.uasset" 357
"../../../../projects/ue_test1/Content/StarterContent/Maps/StarterMap_BuiltData.uasset" 358
"../../../Engine/Content/Functions/Engine_MaterialFunctions03/Procedurals/ComputeFilterWidth.uasset" 359
"../../../Engine/Content/EngineMaterials/AntiAliasedTextMaterialTranslucent.uasset" 360
"../../../../projects/ue_test1/Content/StarterContent/Textures/T_Brick_Clay_Beveled_D.uasset" 361
"../../../../projects/ue_test1/Content/StarterContent/Textures/T_Brick_Clay_Beveled_M.uasset" 362
"../../../../projects/ue_test1/Content/StarterContent/Textures/T_Brick_Clay_Beveled_N.uasset" 363
"../../../../projects/ue_test1/Content/StarterContent/Materials/M_Brick_Clay_Beveled.uasset" 364
"../../../../projects/ue_test1/Content/StarterContent/Textures/T_Brick_Clay_Old_D.uasset" 365
"../../../../projects/ue_test1/Content/StarterContent/Textures/T_Brick_Clay_Old_N.uasset" 366
"../../../../projects/ue_test1/Content/StarterContent/Textures/T_Perlin_Noise_M.uasset" 367
"../../../../projects/ue_test1/Content/StarterContent/Materials/M_Brick_Clay_Old.uasset" 368
"../../../../projects/ue_test1/Content/StarterContent/Textures/T_Brick_Cut_Stone_D.uasset" 369
"../../../../projects/ue_test1/Content/StarterContent/Textures/T_Brick_Cut_Stone_N.uasset" 370
"../../../../projects/ue_test1/Content/StarterContent/Materials/M_Brick_Cut_Stone.uasset" 371
"../../../../projects/ue_test1/Content/StarterContent/Textures/T_Brick_Hewn_Stone_D.uasset" 372
"../../../../projects/ue_test1/Content/StarterContent/Textures/T_Brick_Hewn_Stone_M.uasset" 373
"../../../../projects/ue_test1/Content/StarterContent/Textures/T_Brick_Hewn_Stone_N.uasset" 374
"../../../../projects/ue_test1/Content/StarterContent/Materials/M_Brick_Hewn_Stone.uasset" 375
"../../../../projects/ue_test1/Content/StarterContent/Textures/T_Ceramic_Tile_M.uasset" 376
"../../../../projects/ue_test1/Content/StarterContent/Textures/T_Ceramic_Tile_N.uasset" 377
"../../../../projects/ue_test1/Content/StarterContent/Textures/T_Rock_Marble_Polished_D.uasset" 378
"../../../../projects/ue_test1/Content/StarterContent/Materials/M_Ceramic_Tile_Checker.uasset" 379
"../../../../projects/ue_test1/Content/StarterContent/Textures/T_CobbleStone_Pebble_D.uasset" 380
"../../../../projects/ue_test1/Content/StarterContent/Textures/T_CobbleStone_Pebble_M.uasset" 381
"../../../../projects/ue_test1/Content/StarterContent/Textures/T_CobbleStone_Pebble_N.uasset" 382
"../../../../projects/ue_test1/Content/StarterContent/Materials/M_CobbleStone_Pebble.uasset" 383
"../../../../projects/ue_test1/Content/StarterContent/Textures/T_CobbleStone_Rough_D.uasset" 384
"../../../../projects/ue_test1/Content/StarterContent/Textures/T_CobbleStone_Rough_N.uasset" 385
"../../../../projects/ue_test1/Content/StarterContent/Textures/T_Gradinet_01.uasset" 386
"../../../../projects/ue_test1/Content/StarterContent/Textures/T_Rock_Smooth_Granite_D.uasset" 387
"../../../../projects/ue_test1/Content/StarterContent/Materials/M_CobbleStone_Rough.uasset" 388
"../../../../projects/ue_test1/Content/StarterContent/Textures/T_CobbleStone_Smooth_D.uasset" 389
"../../../../projects/ue_test1/Content/StarterContent/Textures/T_CobbleStone_Smooth_M.uasset" 390
"../../../../projects/ue_test1/Content/StarterContent/Textures/T_CobbleStone_Smooth_N.uasset" 391
"../../../../projects/ue_test1/Content/StarterContent/Materials/M_CobbleStone_Smooth.uasset" 392
"../../../../projects/ue_test1/Content/StarterContent/Textures/T_Concrete_Grime_D.uasset" 393
"../../../../projects/ue_test1/Content/StarterContent/Materials/M_Concrete_Grime.uasset" 394
"../../../../projects/ue_test1/Content/StarterContent/Textures/T_Concrete_Panels_D.uasset" 395
"../../../../projects/ue_test1/Content/StarterContent/Textures/T_Concrete_Panels_N.uasset" 396
"../../../../projects/ue_test1/Content/StarterContent/Materials/M_Concrete_Panels.uasset" 397
"../../../../projects/ue_test1/Content/StarterContent/Textures/T_Concrete_Poured_D.uasset" 398
"../../../../projects/ue_test1/Content/StarterContent/Textures/T_Concrete_Poured_N.uasset" 399
"../../../../projects/ue_test1/Content/StarterContent/Materials/M_Concrete_Poured.uasset" 400
"../../../../projects/ue_test1/Content/StarterContent/Textures/T_Concrete_Tiles_D.uasset" 401
"../../../../projects/ue_test1/Content/StarterContent/Textures/T_Concrete_Tiles_M.uasset" 402
"../../../../projects/ue_test1/Content/StarterContent/Textures/T_Concrete_Tiles_N.uasset" 403
"../../../../projects/ue_test1/Content/StarterContent/Textures/T_Concrete_Tiles_Variation_M.uasset" 404
"../../../../projects/ue_test1/Content/StarterContent/Materials/M_Concrete_Tiles.uasset" 405
"../../../../projects/ue_test1/Content/StarterContent/Textures/T_Ground_Grass_D.uasset" 406
"../../../../projects/ue_test1/Content/StarterContent/Textures/T_Ground_Grass_N.uasset" 407
"../../../../projects/ue_test1/Content/StarterContent/Materials/M_Ground_Grass.uasset" 408
"../../../../projects/ue_test1/Content/StarterContent/Textures/T_Ground_Gravel_D.uasset" 409
"../../../../projects/ue_test1/Content/StarterContent/Textures/T_Ground_Gravel_N.uasset" 410
"../../../../projects/ue_test1/Content/StarterContent/Materials/M_Ground_Gravel.uasset" 411
"../../../../projects/ue_test1/Content/StarterContent/Textures/T_ground_Moss_D.uasset" 412
"../../../../projects/ue_test1/Content/StarterContent/Textures/T_Ground_Moss_N.uasset" 413
"../../../../projects/ue_test1/Content/StarterContent/Materials/M_Ground_Moss.uasset" 414
"../../../../projects/ue_test1/Content/StarterContent/Materials/M_Metal_Brushed_Nickel.uasset" 415
"../../../../projects/ue_test1/Content/StarterContent/Materials/M_Metal_Chrome.uasset" 416
"../../../../projects/ue_test1/Content/StarterContent/Textures/T_Metal_Copper_D.uasset" 417
"../../../../projects/ue_test1/Content/StarterContent/Materials/M_Metal_Copper.uasset" 418
"../../../../projects/ue_test1/Content/StarterContent/Textures/T_Metal_Gold_D.uasset" 419
"../../../../projects/ue_test1/Content/StarterContent/Materials/M_Metal_Gold.uasset" 420
"../../../../projects/ue_test1/Content/StarterContent/Textures/T_Rock_Basalt_N.uasset" 421
"../../../../projects/ue_test1/Content/StarterContent/Materials/M_Rock_Basalt.uasset" 422
"../../../../projects/ue_test1/Content/StarterContent/Materials/M_Rock_Marble_Polished.uasset" 423
"../../../../projects/ue_test1/Content/StarterContent/Textures/T_Rock_Sandstone_D.uasset" 424
"../../../../projects/ue_test1/Content/StarterContent/Textures/T_Rock_Sandstone_N.uasset" 425
"../../../../projects/ue_test1/Content/StarterContent/Materials/M_Rock_Sandstone.uasset" 426
"../../../../projects/ue_test1/Content/StarterContent/Textures/T_Rock_Slate_D.uasset" 427
"../../../../projects/ue_test1/Content/StarterContent/Textures/T_Rock_Slate_N.uasset" 428
"../../../../projects/ue_test1/Content/StarterContent/Materials/M_Rock_Slate.uasset" 429
"../../../../projects/ue_test1/Content/StarterContent/Textures/T_Checker_Noise_M.uasset" 430
"../../../../projects/ue_test1/Content/StarterContent/Textures/T_Single_Tile_N.uasset" 431
"../../../../projects/ue_test1/Content/StarterContent/Textures/T_Tech_Dot_M.uasset" 432
"../../../../projects/ue_test1/Content/StarterContent/Textures/T_Tech_Dot_N.uasset" 433
"../../../../projects/ue_test1/Content/StarterContent/Materials/M_Tech_Checker_Dot.uasset" 434
"../../../../projects/ue_test1/Content/StarterContent/Textures/T_Tech_Hex_Tile_M.uasset" 435
"../../../../projects/ue_test1/Content/StarterContent/Textures/T_Tech_Hex_Tile_N.uasset" 436
"../../../../projects/ue_test1/Content/StarterContent/Materials/M_Tech_Hex_Tile.uasset" 437
"../../../../projects/ue_test1/Content/StarterContent/Materials/M_Tech_Hex_Tile_Pulse.uasset" 438
"../../../../projects/ue_test1/Content/StarterContent/Textures/T_Tech_Panel_M.uasset" 439
"../../../../projects/ue_test1/Content/StarterContent/Textures/T_Tech_Panel_N.uasset" 440
"../../../../projects/ue_test1/Content/StarterContent/Materials/M_Tech_Panel.uasset" 441
"../../../../projects/ue_test1/Content/StarterContent/Materials/M_Water_Lake.uasset" 442
"../../../../projects/ue_test1/Content/StarterContent/Textures/T_Water_M.uasset" 443
"../../../../projects/ue_test1/Content/StarterContent/Materials/M_Water_Ocean.uasset" 444
"../../../../projects/ue_test1/Content/StarterContent/Textures/T_Wood_Floor_Walnut_D.uasset" 445
"../../../../projects/ue_test1/Content/StarterContent/Textures/T_Wood_Floor_Walnut_M.uasset" 446
"../../../../projects/ue_test1/Content/StarterContent/Textures/T_Wood_Floor_Walnut_N.uasset" 447
"../../../../projects/ue_test1/Content/StarterContent/Materials/M_Wood_Floor_Walnut_Polished.uasset" 448
"../../../Engine/Content/Functions/Engine_MaterialFunctions01/Opacity/AlphaOffset.uasset" 449
"../../../../projects/ue_test1/Content/StarterContent/Materials/M_Wood_Floor_Walnut_Worn.uasset" 450
"../../../../projects/ue_test1/Content/StarterContent/Textures/T_Wood_Oak_D.uasset" 451
"../../../../projects/ue_test1/Content/StarterContent/Textures/T_Wood_Oak_N.uasset" 452
"../../../../projects/ue_test1/Content/StarterContent/Materials/M_Wood_Oak.uasset" 453
"../../../../projects/ue_test1/Content/StarterContent/Textures/T_Wood_Pine_D.uasset" 454
"../../../../projects/ue_test1/Content/StarterContent/Textures/T_Wood_Pine_N.uasset" 455
"../../../../projects/ue_test1/Content/StarterContent/Materials/M_Wood_Pine.uasset" 456
"../../../../projects/ue_test1/Content/StarterContent/Architecture/Wall_400x200.uasset" 457
"../../../../projects/ue_test1/Content/StarterContent/Architecture/Wall_Door_400x300.uasset" 458
"../../../../projects/ue_test1/Content/StarterContent/Architecture/Wall_Window_400x300.uasset" 459
"../../../../projects/ue_test1/Content/StarterContent/Audio/Collapse_Cue.uasset" 460
"../../../../projects/ue_test1/Content/StarterContent/Audio/Starter_Music_Cue.uasset" 461
"../../../../projects/ue_test1/Content/StarterContent/Textures/T_Dust_Particle_D.uasset" 462
"../../../../projects/ue_test1/Content/StarterContent/Particles/Materials/M_Dust_Particle.uasset" 463
"../../../../projects/ue_test1/Content/StarterContent/Particles/P_Ambient_Dust.uasset" 464
"../../../../projects/ue_test1/Content/StarterContent/Props/MaterialSphere.uasset" 465
"../../../../projects/ue_test1/Content/StarterContent/Props/SM_Chair.uasset" 466
"../../../../projects/ue_test1/Content/StarterContent/Textures/T_Frame_M.uasset" 467
"../../../../projects/ue_test1/Content/StarterContent/Textures/T_Frame_N.uasset" 468
"../../../../projects/ue_test1/Content/StarterContent/Props/Materials/M_Frame.uasset" 469
"../../../../projects/ue_test1/Content/StarterContent/Props/SM_CornerFrame.uasset" 470
"../../../../projects/ue_test1/Content/StarterContent/Props/SM_DoorFrame.uasset" 471
"../../../../projects/ue_test1/Content/StarterContent/Props/SM_GlassWindow.uasset" 472
"../../../../projects/ue_test1/Content/StarterContent/Props/SM_PillarFrame.uasset" 473
"../../../../projects/ue_test1/Content/StarterContent/Props/SM_PillarFrame300.uasset" 474
"../../../../projects/ue_test1/Content/StarterContent/Textures/T_Statue_M.uasset" 475
"../../../../projects/ue_test1/Content/StarterContent/Textures/T_Statue_N.uasset" 476
"../../../../projects/ue_test1/Content/StarterContent/Props/Materials/M_Statue.uasset" 477
"../../../../projects/ue_test1/Content/StarterContent/Props/Materials/M_StatueGlass.uasset" 478
"../../../../projects/ue_test1/Content/StarterContent/Props/SM_Statue.uasset" 479
"../../../../projects/ue_test1/Content/StarterContent/Textures/T_TableRound_M.uasset" 480
"../../../../projects/ue_test1/Content/StarterContent/Textures/T_TableRound_N.uasset" 481
"../../../../projects/ue_test1/Content/StarterContent/Props/Materials/M_TableRound.uasset" 482
"../../../../projects/ue_test1/Content/StarterContent/Props/SM_TableRound.uasset" 483
"../../../../projects/ue_test1/Content/StarterContent/Props/SM_WindowFrame.uasset" 484
"../../../../projects/ue_test1/Content/StarterContent/Shapes/Shape_Cube.uasset" 485
"../../../../projects/ue_test1/Content/StarterContent/Shapes/Shape_QuadPyramid.uasset" 486
"../../../../projects/ue_test1/Content/StarterContent/Shapes/Shape_Sphere.uasset" 487
"../../../../projects/ue_test1/Content/StarterContent/Maps/StarterMap.umap" 488
